<?xml version="1.0" encoding="UTF-8"?>
<!-- Generated by org.testng.reporters.JUnitXMLReporter -->
<testsuite ignored="1" hostname="Imrans-Macbook-Pro.local" failures="1" tests="5" name="SubmitOrderTest" time="89.601" errors="0" timestamp="2025-07-26T16:02:50 IST">
  <testcase classname="SeleniumFrameworkDesign.Tests.SubmitOrderTest" name="submitOrder" time="11.33"/>
  <testcase classname="SeleniumFrameworkDesign.Tests.SubmitOrderTest" name="submitOrder" time="11.115"/>
  <testcase classname="SeleniumFrameworkDesign.Tests.SubmitOrderTest" name="submitOrderHash" time="11.07"/>
  <testcase classname="SeleniumFrameworkDesign.Tests.SubmitOrderTest" name="submitOrderHash" time="5.44">
    <skipped/>
  </testcase> <!-- submitOrderHash -->
  <testcase classname="SeleniumFrameworkDesign.Tests.SubmitOrderTest" name="submitOrderHash" time="5.442">
    <failure type="org.openqa.selenium.TimeoutException" message="Expected condition failed: waiting for visibility of element located by By.cssSelector: .mb-3 (tried for 5 second(s) with 500 milliseconds interval)
Build info: version: &amp;apos;4.34.0&amp;apos;, revision: &amp;apos;707dcb4246*&amp;apos;
System info: os.name: &amp;apos;Mac OS X&amp;apos;, os.arch: &amp;apos;x86_64&amp;apos;, os.version: &amp;apos;13.7.6&amp;apos;, java.version: &amp;apos;24.0.1&amp;apos;
Driver info: org.openqa.selenium.chrome.ChromeDriver
Capabilities {acceptInsecureCerts: false, browserName: chrome, browserVersion: 138.0.7204.169, chrome: {chromedriverVersion: 138.0.7204.168 (3e8d82e86e9..., userDataDir: /var/folders/jq/h24vw1js1tq...}, fedcm:accounts: true, goog:chromeOptions: {debuggerAddress: localhost:59244}, networkConnectionEnabled: false, pageLoadStrategy: normal, platformName: mac, proxy: Proxy(), se:cdp: ws://localhost:59244/devtoo..., se:cdpVersion: 138.0.7204.169, setWindowRect: true, strictFileInteractability: false, timeouts: {implicit: 0, pageLoad: 300000, script: 30000}, unhandledPromptBehavior: dismiss and notify, webauthn:extension:credBlob: true, webauthn:extension:largeBlob: true, webauthn:extension:minPinLength: true, webauthn:extension:prf: true, webauthn:virtualAuthenticators: true}
Session ID: 662402c1010089f651b7396c6d55d4fe">
      <![CDATA[org.openqa.selenium.TimeoutException: Expected condition failed: waiting for visibility of element located by By.cssSelector: .mb-3 (tried for 5 second(s) with 500 milliseconds interval)
Build info: version: '4.34.0', revision: '707dcb4246*'
System info: os.name: 'Mac OS X', os.arch: 'x86_64', os.version: '13.7.6', java.version: '24.0.1'
Driver info: org.openqa.selenium.chrome.ChromeDriver
Capabilities {acceptInsecureCerts: false, browserName: chrome, browserVersion: 138.0.7204.169, chrome: {chromedriverVersion: 138.0.7204.168 (3e8d82e86e9..., userDataDir: /var/folders/jq/h24vw1js1tq...}, fedcm:accounts: true, goog:chromeOptions: {debuggerAddress: localhost:59244}, networkConnectionEnabled: false, pageLoadStrategy: normal, platformName: mac, proxy: Proxy(), se:cdp: ws://localhost:59244/devtoo..., se:cdpVersion: 138.0.7204.169, setWindowRect: true, strictFileInteractability: false, timeouts: {implicit: 0, pageLoad: 300000, script: 30000}, unhandledPromptBehavior: dismiss and notify, webauthn:extension:credBlob: true, webauthn:extension:largeBlob: true, webauthn:extension:minPinLength: true, webauthn:extension:prf: true, webauthn:virtualAuthenticators: true}
Session ID: 662402c1010089f651b7396c6d55d4fe
at org.openqa.selenium.support.ui.WebDriverWait.timeoutException(WebDriverWait.java:84)
at org.openqa.selenium.support.ui.FluentWait.until(FluentWait.java:228)
at SeleniumFrameworkDesign.AbstractComponents.AbstractComponents.waitForElementToAppear(AbstractComponents.java:32)
at SeleniumFrameworkDesign.PageObjects.ProductCatalogue.getProductList(ProductCatalogue.java:41)
at SeleniumFrameworkDesign.Tests.SubmitOrderTest.submitOrderHash(SubmitOrderTest.java:70)
at java.base/java.util.ArrayList.forEach(ArrayList.java:1604)
at java.base/java.util.concurrent.FutureTask.run(FutureTask.java:328)
at java.base/java.util.concurrent.ThreadPoolExecutor.runWorker(ThreadPoolExecutor.java:1095)
at java.base/java.util.concurrent.ThreadPoolExecutor$Worker.run(ThreadPoolExecutor.java:619)
at java.base/java.lang.Thread.run(Thread.java:1447)
... Removed 15 stack frames]]>
    </failure>
  </testcase> <!-- submitOrderHash -->
  <testcase classname="SeleniumFrameworkDesign.Tests.SubmitOrderTest" name="verifyOrder" time="0.0">
    <ignored/>
  </testcase> <!-- verifyOrder -->
</testsuite> <!-- SubmitOrderTest -->
