<?xml version="1.0" encoding="UTF-8"?>
<testng-results retried="1" ignored="3" total="8" passed="3" failed="1" skipped="0">
  <reporter-output>
  </reporter-output>
  <suite started-at="2025-07-26T16:01:21 IST" name="Suite" finished-at="2025-07-26T16:02:50 IST" duration-ms="89601">
    <groups>
      <group name="Purchase">
        <method signature="SubmitOrderTest.submitOrder(java.lang.String,java.lang.String,java.lang.String)[pri:0, instance:SeleniumFrameworkDesign.Tests.SubmitOrderTest@353352b6]" name="submitOrder" class="SeleniumFrameworkDesign.Tests.SubmitOrderTest"/>
        <method signature="SubmitOrderTest.submitOrderHash(java.util.HashMap)[pri:0, instance:SeleniumFrameworkDesign.Tests.SubmitOrderTest@353352b6]" name="submitOrderHash" class="SeleniumFrameworkDesign.Tests.SubmitOrderTest"/>
      </group> <!-- Purchase -->
    </groups>
    <test started-at="2025-07-26T16:01:21 IST" name="Base Test" finished-at="2025-07-26T16:01:21 IST" duration-ms="11">
    </test> <!-- Base Test -->
    <test started-at="2025-07-26T16:01:21 IST" name="ErrorValidation" finished-at="2025-07-26T16:01:21 IST" duration-ms="12">
    </test> <!-- ErrorValidation -->
    <test started-at="2025-07-26T16:01:21 IST" name="SubmitOrderTest" finished-at="2025-07-26T16:02:50 IST" duration-ms="89601">
      <class name="SeleniumFrameworkDesign.Tests.SubmitOrderTest">
        <test-method is-config="true" signature="launchApplication()[pri:0, instance:SeleniumFrameworkDesign.Tests.SubmitOrderTest@353352b6]" started-at="2025-07-26T16:01:21 IST" name="launchApplication" finished-at="2025-07-26T16:01:32 IST" duration-ms="11340" status="PASS">
          <reporter-output>
          </reporter-output>
        </test-method> <!-- launchApplication -->
        <test-method signature="submitOrder(java.lang.String,java.lang.String,java.lang.String)[pri:0, instance:SeleniumFrameworkDesign.Tests.SubmitOrderTest@353352b6]" started-at="2025-07-26T16:01:32 IST" name="submitOrder" data-provider="getData" finished-at="2025-07-26T16:01:43 IST" duration-ms="11330" status="PASS">
          <params>
            <param index="0">
              <value>
                <![CDATA[emraan.coolm@gmail.com]]>
              </value>
            </param>
            <param index="1">
              <value>
                <![CDATA[Abcd1234$]]>
              </value>
            </param>
            <param index="2">
              <value>
                <![CDATA[ADIDAS ORIGINAL]]>
              </value>
            </param>
          </params>
          <reporter-output>
          </reporter-output>
        </test-method> <!-- submitOrder -->
        <test-method is-config="true" signature="tearDown()[pri:0, instance:SeleniumFrameworkDesign.Tests.SubmitOrderTest@353352b6]" started-at="2025-07-26T16:01:43 IST" name="tearDown" finished-at="2025-07-26T16:01:43 IST" duration-ms="213" status="PASS">
          <reporter-output>
          </reporter-output>
        </test-method> <!-- tearDown -->
        <test-method is-config="true" signature="launchApplication()[pri:0, instance:SeleniumFrameworkDesign.Tests.SubmitOrderTest@353352b6]" started-at="2025-07-26T16:01:43 IST" name="launchApplication" finished-at="2025-07-26T16:01:51 IST" duration-ms="7951" status="PASS">
          <reporter-output>
          </reporter-output>
        </test-method> <!-- launchApplication -->
        <test-method signature="submitOrder(java.lang.String,java.lang.String,java.lang.String)[pri:0, instance:SeleniumFrameworkDesign.Tests.SubmitOrderTest@353352b6]" started-at="2025-07-26T16:01:51 IST" name="submitOrder" data-provider="getData" finished-at="2025-07-26T16:02:03 IST" duration-ms="11115" status="PASS">
          <params>
            <param index="0">
              <value>
                <![CDATA[emraan.coolm@gmail.com]]>
              </value>
            </param>
            <param index="1">
              <value>
                <![CDATA[Abcd1234$]]>
              </value>
            </param>
            <param index="2">
              <value>
                <![CDATA[ZARA COAT 3]]>
              </value>
            </param>
          </params>
          <reporter-output>
          </reporter-output>
        </test-method> <!-- submitOrder -->
        <test-method is-config="true" signature="tearDown()[pri:0, instance:SeleniumFrameworkDesign.Tests.SubmitOrderTest@353352b6]" started-at="2025-07-26T16:02:03 IST" name="tearDown" finished-at="2025-07-26T16:02:03 IST" duration-ms="143" status="PASS">
          <reporter-output>
          </reporter-output>
        </test-method> <!-- tearDown -->
        <test-method is-config="true" signature="launchApplication()[pri:0, instance:SeleniumFrameworkDesign.Tests.SubmitOrderTest@353352b6]" started-at="2025-07-26T16:02:03 IST" name="launchApplication" finished-at="2025-07-26T16:02:11 IST" duration-ms="8195" status="PASS">
          <reporter-output>
          </reporter-output>
        </test-method> <!-- launchApplication -->
        <test-method signature="submitOrderHash(java.util.HashMap)[pri:0, instance:SeleniumFrameworkDesign.Tests.SubmitOrderTest@353352b6]" started-at="2025-07-26T16:02:11 IST" name="submitOrderHash" data-provider="getDataFromJson" finished-at="2025-07-26T16:02:22 IST" duration-ms="11070" status="PASS">
          <params>
            <param index="0">
              <value>
                <![CDATA[{password=Abcd1234$, email=emraan.coolm@gmail.com, productName=ADIDAS ORIGINAL}]]>
              </value>
            </param>
          </params>
          <reporter-output>
          </reporter-output>
        </test-method> <!-- submitOrderHash -->
        <test-method is-config="true" signature="tearDown()[pri:0, instance:SeleniumFrameworkDesign.Tests.SubmitOrderTest@353352b6]" started-at="2025-07-26T16:02:22 IST" name="tearDown" finished-at="2025-07-26T16:02:22 IST" duration-ms="145" status="PASS">
          <reporter-output>
          </reporter-output>
        </test-method> <!-- tearDown -->
        <test-method is-config="true" signature="launchApplication()[pri:0, instance:SeleniumFrameworkDesign.Tests.SubmitOrderTest@353352b6]" started-at="2025-07-26T16:02:22 IST" name="launchApplication" finished-at="2025-07-26T16:02:31 IST" duration-ms="8206" status="PASS">
          <reporter-output>
          </reporter-output>
        </test-method> <!-- launchApplication -->
        <test-method retried="true" signature="submitOrderHash(java.util.HashMap)[pri:0, instance:SeleniumFrameworkDesign.Tests.SubmitOrderTest@353352b6]" started-at="2025-07-26T16:02:31 IST" name="submitOrderHash" data-provider="getDataFromJson" finished-at="2025-07-26T16:02:36 IST" duration-ms="5440" status="SKIP">
          <params>
            <param index="0">
              <value>
                <![CDATA[{password=Abcd123$, email=emraan.coolm@gmail.com, productName=ZARA COAT 3}]]>
              </value>
            </param>
          </params>
          <exception class="org.openqa.selenium.TimeoutException">
            <message>
              <![CDATA[Expected condition failed: waiting for visibility of element located by By.cssSelector: .mb-3 (tried for 5 second(s) with 500 milliseconds interval)
Build info: version: '4.34.0', revision: '707dcb4246*'
System info: os.name: 'Mac OS X', os.arch: 'x86_64', os.version: '13.7.6', java.version: '24.0.1'
Driver info: org.openqa.selenium.chrome.ChromeDriver
Capabilities {acceptInsecureCerts: false, browserName: chrome, browserVersion: 138.0.7204.169, chrome: {chromedriverVersion: 138.0.7204.168 (3e8d82e86e9..., userDataDir: /var/folders/jq/h24vw1js1tq...}, fedcm:accounts: true, goog:chromeOptions: {debuggerAddress: localhost:59219}, networkConnectionEnabled: false, pageLoadStrategy: normal, platformName: mac, proxy: Proxy(), se:cdp: ws://localhost:59219/devtoo..., se:cdpVersion: 138.0.7204.169, setWindowRect: true, strictFileInteractability: false, timeouts: {implicit: 0, pageLoad: 300000, script: 30000}, unhandledPromptBehavior: dismiss and notify, webauthn:extension:credBlob: true, webauthn:extension:largeBlob: true, webauthn:extension:minPinLength: true, webauthn:extension:prf: true, webauthn:virtualAuthenticators: true}
Session ID: 001fa8c119e3305651b7ae0450c2a085]]>
            </message>
            <full-stacktrace>
              <![CDATA[org.openqa.selenium.TimeoutException: Expected condition failed: waiting for visibility of element located by By.cssSelector: .mb-3 (tried for 5 second(s) with 500 milliseconds interval)
Build info: version: '4.34.0', revision: '707dcb4246*'
System info: os.name: 'Mac OS X', os.arch: 'x86_64', os.version: '13.7.6', java.version: '24.0.1'
Driver info: org.openqa.selenium.chrome.ChromeDriver
Capabilities {acceptInsecureCerts: false, browserName: chrome, browserVersion: 138.0.7204.169, chrome: {chromedriverVersion: 138.0.7204.168 (3e8d82e86e9..., userDataDir: /var/folders/jq/h24vw1js1tq...}, fedcm:accounts: true, goog:chromeOptions: {debuggerAddress: localhost:59219}, networkConnectionEnabled: false, pageLoadStrategy: normal, platformName: mac, proxy: Proxy(), se:cdp: ws://localhost:59219/devtoo..., se:cdpVersion: 138.0.7204.169, setWindowRect: true, strictFileInteractability: false, timeouts: {implicit: 0, pageLoad: 300000, script: 30000}, unhandledPromptBehavior: dismiss and notify, webauthn:extension:credBlob: true, webauthn:extension:largeBlob: true, webauthn:extension:minPinLength: true, webauthn:extension:prf: true, webauthn:virtualAuthenticators: true}
Session ID: 001fa8c119e3305651b7ae0450c2a085
at org.openqa.selenium.support.ui.WebDriverWait.timeoutException(WebDriverWait.java:84)
at org.openqa.selenium.support.ui.FluentWait.until(FluentWait.java:228)
at SeleniumFrameworkDesign.AbstractComponents.AbstractComponents.waitForElementToAppear(AbstractComponents.java:32)
at SeleniumFrameworkDesign.PageObjects.ProductCatalogue.getProductList(ProductCatalogue.java:41)
at SeleniumFrameworkDesign.Tests.SubmitOrderTest.submitOrderHash(SubmitOrderTest.java:70)
at java.base/jdk.internal.reflect.DirectMethodHandleAccessor.invoke(DirectMethodHandleAccessor.java:104)
at java.base/java.lang.reflect.Method.invoke(Method.java:565)
at org.testng.internal.invokers.MethodInvocationHelper.invokeMethod(MethodInvocationHelper.java:141)
at org.testng.internal.invokers.TestInvoker.invokeMethod(TestInvoker.java:687)
at org.testng.internal.invokers.TestInvoker.invokeTestMethod(TestInvoker.java:230)
at org.testng.internal.invokers.MethodRunner.runInSequence(MethodRunner.java:63)
at org.testng.internal.invokers.TestInvoker$MethodInvocationAgent.invoke(TestInvoker.java:995)
at org.testng.internal.invokers.TestInvoker.invokeTestMethods(TestInvoker.java:203)
at org.testng.internal.invokers.TestMethodWorker.invokeTestMethods(TestMethodWorker.java:154)
at org.testng.internal.invokers.TestMethodWorker.run(TestMethodWorker.java:134)
at java.base/java.util.ArrayList.forEach(ArrayList.java:1604)
at org.testng.TestRunner.privateRun(TestRunner.java:741)
at org.testng.TestRunner.run(TestRunner.java:616)
at org.testng.SuiteRunner.runTest(SuiteRunner.java:421)
at org.testng.SuiteRunner$SuiteWorker.run(SuiteRunner.java:463)
at org.testng.internal.thread.ThreadUtil.lambda$execute$0(ThreadUtil.java:64)
at java.base/java.util.concurrent.FutureTask.run(FutureTask.java:328)
at java.base/java.util.concurrent.ThreadPoolExecutor.runWorker(ThreadPoolExecutor.java:1095)
at java.base/java.util.concurrent.ThreadPoolExecutor$Worker.run(ThreadPoolExecutor.java:619)
at java.base/java.lang.Thread.run(Thread.java:1447)
]]>
            </full-stacktrace>
          </exception> <!-- org.openqa.selenium.TimeoutException -->
          <reporter-output>
          </reporter-output>
        </test-method> <!-- submitOrderHash -->
        <test-method is-config="true" signature="tearDown()[pri:0, instance:SeleniumFrameworkDesign.Tests.SubmitOrderTest@353352b6]" started-at="2025-07-26T16:02:36 IST" name="tearDown" finished-at="2025-07-26T16:02:36 IST" duration-ms="133" status="PASS">
          <reporter-output>
          </reporter-output>
        </test-method> <!-- tearDown -->
        <test-method is-config="true" signature="launchApplication()[pri:0, instance:SeleniumFrameworkDesign.Tests.SubmitOrderTest@353352b6]" started-at="2025-07-26T16:02:36 IST" name="launchApplication" finished-at="2025-07-26T16:02:44 IST" duration-ms="7958" status="PASS">
          <reporter-output>
          </reporter-output>
        </test-method> <!-- launchApplication -->
        <test-method signature="submitOrderHash(java.util.HashMap)[pri:0, instance:SeleniumFrameworkDesign.Tests.SubmitOrderTest@353352b6]" started-at="2025-07-26T16:02:44 IST" name="submitOrderHash" data-provider="getDataFromJson" finished-at="2025-07-26T16:02:50 IST" duration-ms="5442" status="FAIL">
          <params>
            <param index="0">
              <value>
                <![CDATA[{password=Abcd123$, email=emraan.coolm@gmail.com, productName=ZARA COAT 3}]]>
              </value>
            </param>
          </params>
          <exception class="org.openqa.selenium.TimeoutException">
            <message>
              <![CDATA[Expected condition failed: waiting for visibility of element located by By.cssSelector: .mb-3 (tried for 5 second(s) with 500 milliseconds interval)
Build info: version: '4.34.0', revision: '707dcb4246*'
System info: os.name: 'Mac OS X', os.arch: 'x86_64', os.version: '13.7.6', java.version: '24.0.1'
Driver info: org.openqa.selenium.chrome.ChromeDriver
Capabilities {acceptInsecureCerts: false, browserName: chrome, browserVersion: 138.0.7204.169, chrome: {chromedriverVersion: 138.0.7204.168 (3e8d82e86e9..., userDataDir: /var/folders/jq/h24vw1js1tq...}, fedcm:accounts: true, goog:chromeOptions: {debuggerAddress: localhost:59244}, networkConnectionEnabled: false, pageLoadStrategy: normal, platformName: mac, proxy: Proxy(), se:cdp: ws://localhost:59244/devtoo..., se:cdpVersion: 138.0.7204.169, setWindowRect: true, strictFileInteractability: false, timeouts: {implicit: 0, pageLoad: 300000, script: 30000}, unhandledPromptBehavior: dismiss and notify, webauthn:extension:credBlob: true, webauthn:extension:largeBlob: true, webauthn:extension:minPinLength: true, webauthn:extension:prf: true, webauthn:virtualAuthenticators: true}
Session ID: 662402c1010089f651b7396c6d55d4fe]]>
            </message>
            <full-stacktrace>
              <![CDATA[org.openqa.selenium.TimeoutException: Expected condition failed: waiting for visibility of element located by By.cssSelector: .mb-3 (tried for 5 second(s) with 500 milliseconds interval)
Build info: version: '4.34.0', revision: '707dcb4246*'
System info: os.name: 'Mac OS X', os.arch: 'x86_64', os.version: '13.7.6', java.version: '24.0.1'
Driver info: org.openqa.selenium.chrome.ChromeDriver
Capabilities {acceptInsecureCerts: false, browserName: chrome, browserVersion: 138.0.7204.169, chrome: {chromedriverVersion: 138.0.7204.168 (3e8d82e86e9..., userDataDir: /var/folders/jq/h24vw1js1tq...}, fedcm:accounts: true, goog:chromeOptions: {debuggerAddress: localhost:59244}, networkConnectionEnabled: false, pageLoadStrategy: normal, platformName: mac, proxy: Proxy(), se:cdp: ws://localhost:59244/devtoo..., se:cdpVersion: 138.0.7204.169, setWindowRect: true, strictFileInteractability: false, timeouts: {implicit: 0, pageLoad: 300000, script: 30000}, unhandledPromptBehavior: dismiss and notify, webauthn:extension:credBlob: true, webauthn:extension:largeBlob: true, webauthn:extension:minPinLength: true, webauthn:extension:prf: true, webauthn:virtualAuthenticators: true}
Session ID: 662402c1010089f651b7396c6d55d4fe
at org.openqa.selenium.support.ui.WebDriverWait.timeoutException(WebDriverWait.java:84)
at org.openqa.selenium.support.ui.FluentWait.until(FluentWait.java:228)
at SeleniumFrameworkDesign.AbstractComponents.AbstractComponents.waitForElementToAppear(AbstractComponents.java:32)
at SeleniumFrameworkDesign.PageObjects.ProductCatalogue.getProductList(ProductCatalogue.java:41)
at SeleniumFrameworkDesign.Tests.SubmitOrderTest.submitOrderHash(SubmitOrderTest.java:70)
at java.base/jdk.internal.reflect.DirectMethodHandleAccessor.invoke(DirectMethodHandleAccessor.java:104)
at java.base/java.lang.reflect.Method.invoke(Method.java:565)
at org.testng.internal.invokers.MethodInvocationHelper.invokeMethod(MethodInvocationHelper.java:141)
at org.testng.internal.invokers.TestInvoker.invokeMethod(TestInvoker.java:687)
at org.testng.internal.invokers.TestInvoker.retryFailed(TestInvoker.java:269)
at org.testng.internal.invokers.MethodRunner.runInSequence(MethodRunner.java:76)
at org.testng.internal.invokers.TestInvoker$MethodInvocationAgent.invoke(TestInvoker.java:995)
at org.testng.internal.invokers.TestInvoker.invokeTestMethods(TestInvoker.java:203)
at org.testng.internal.invokers.TestMethodWorker.invokeTestMethods(TestMethodWorker.java:154)
at org.testng.internal.invokers.TestMethodWorker.run(TestMethodWorker.java:134)
at java.base/java.util.ArrayList.forEach(ArrayList.java:1604)
at org.testng.TestRunner.privateRun(TestRunner.java:741)
at org.testng.TestRunner.run(TestRunner.java:616)
at org.testng.SuiteRunner.runTest(SuiteRunner.java:421)
at org.testng.SuiteRunner$SuiteWorker.run(SuiteRunner.java:463)
at org.testng.internal.thread.ThreadUtil.lambda$execute$0(ThreadUtil.java:64)
at java.base/java.util.concurrent.FutureTask.run(FutureTask.java:328)
at java.base/java.util.concurrent.ThreadPoolExecutor.runWorker(ThreadPoolExecutor.java:1095)
at java.base/java.util.concurrent.ThreadPoolExecutor$Worker.run(ThreadPoolExecutor.java:619)
at java.base/java.lang.Thread.run(Thread.java:1447)
]]>
            </full-stacktrace>
          </exception> <!-- org.openqa.selenium.TimeoutException -->
          <reporter-output>
          </reporter-output>
        </test-method> <!-- submitOrderHash -->
        <test-method is-config="true" signature="tearDown()[pri:0, instance:SeleniumFrameworkDesign.Tests.SubmitOrderTest@353352b6]" started-at="2025-07-26T16:02:50 IST" name="tearDown" finished-at="2025-07-26T16:02:50 IST" duration-ms="138" status="PASS">
          <reporter-output>
          </reporter-output>
        </test-method> <!-- tearDown -->
      </class> <!-- SeleniumFrameworkDesign.Tests.SubmitOrderTest -->
    </test> <!-- SubmitOrderTest -->
  </suite> <!-- Suite -->
</testng-results>
